c:\users\yukku\onedrive\デスクトップ\hal\hal2年\dx22\dx22base\dx22base\dx22base\x64\debug\vc141.pdb
c:\users\yukku\onedrive\デスクトップ\hal\hal2年\dx22\dx22base\dx22base\dx22base\x64\debug\vc141.idb
c:\users\yukku\onedrive\デスクトップ\hal\hal2年\dx22\dx22base\dx22base\dx22base\x64\debug\winutil.obj
c:\users\yukku\onedrive\デスクトップ\hal\hal2年\dx22\dx22base\dx22base\dx22base\x64\debug\timer.obj
c:\users\yukku\onedrive\デスクトップ\hal\hal2年\dx22\dx22base\dx22base\dx22base\x64\debug\startup.obj
c:\users\yukku\onedrive\デスクトップ\hal\hal2年\dx22\dx22base\dx22base\dx22base\x64\debug\shader.obj
c:\users\yukku\onedrive\デスクトップ\hal\hal2年\dx22\dx22base\dx22base\dx22base\x64\debug\samplerstate.obj
c:\users\yukku\onedrive\デスクトップ\hal\hal2年\dx22\dx22base\dx22base\dx22base\x64\debug\model_contents.obj
c:\users\yukku\onedrive\デスクトップ\hal\hal2年\dx22\dx22base\dx22base\dx22base\x64\debug\model.obj
c:\users\yukku\onedrive\デスクトップ\hal\hal2年\dx22\dx22base\dx22base\dx22base\x64\debug\meshbuffer.obj
c:\users\yukku\onedrive\デスクトップ\hal\hal2年\dx22\dx22base\dx22base\dx22base\x64\debug\main.obj
c:\users\yukku\onedrive\デスクトップ\hal\hal2年\dx22\dx22base\dx22base\dx22base\x64\debug\input.obj
c:\users\yukku\onedrive\デスクトップ\hal\hal2年\dx22\dx22base\dx22base\dx22base\x64\debug\geometory.obj
c:\users\yukku\onedrive\デスクトップ\hal\hal2年\dx22\dx22base\dx22base\dx22base\x64\debug\game3d.obj
c:\users\yukku\onedrive\デスクトップ\hal\hal2年\dx22\dx22base\dx22base\dx22base\x64\debug\texture.obj
c:\users\yukku\onedrive\デスクトップ\hal\hal2年\dx22\dx22base\dx22base\dx22base\x64\debug\directx.obj
c:\users\yukku\onedrive\デスクトップ\hal\hal2年\dx22\dx22base\dx22base\dx22base\x64\debug\constantbuffer.obj
c:\users\yukku\onedrive\デスクトップ\hal\hal2年\dx22\dx22base\dx22base\dx22base\x64\debug\blendstate.obj
c:\users\yukku\onedrive\デスクトップ\hal\hal2年\dx22\dx22base\dx22base\dx22base\x64\debug\stage.obj
c:\users\yukku\onedrive\デスクトップ\hal\hal2年\dx22\dx22base\dx22base\dx22base\x64\debug\player.obj
c:\users\yukku\onedrive\デスクトップ\hal\hal2年\dx22\dx22base\dx22base\dx22base\x64\debug\cameraplayer.obj
c:\users\yukku\onedrive\デスクトップ\hal\hal2年\dx22\dx22base\dx22base\dx22base\x64\debug\cameraevent.obj
c:\users\yukku\onedrive\デスクトップ\hal\hal2年\dx22\dx22base\dx22base\dx22base\assets\shader\modelvs.cso
c:\users\yukku\onedrive\デスクトップ\hal\hal2年\dx22\dx22base\dx22base\x64\debug\dx22base.exe
c:\users\yukku\onedrive\デスクトップ\hal\hal2年\dx22\dx22base\dx22base\x64\debug\dx22base.ilk
c:\users\yukku\onedrive\デスクトップ\hal\hal2年\dx22\dx22base\dx22base\x64\debug\dx22base.pdb
c:\users\yukku\onedrive\デスクトップ\hal\hal2年\dx22\dx22base\dx22base\dx22base\x64\debug\dx22base.tlog\cl.command.1.tlog
c:\users\yukku\onedrive\デスクトップ\hal\hal2年\dx22\dx22base\dx22base\dx22base\x64\debug\dx22base.tlog\cl.read.1.tlog
c:\users\yukku\onedrive\デスクトップ\hal\hal2年\dx22\dx22base\dx22base\dx22base\x64\debug\dx22base.tlog\cl.write.1.tlog
c:\users\yukku\onedrive\デスクトップ\hal\hal2年\dx22\dx22base\dx22base\dx22base\x64\debug\dx22base.tlog\fxc.command.1.tlog
c:\users\yukku\onedrive\デスクトップ\hal\hal2年\dx22\dx22base\dx22base\dx22base\x64\debug\dx22base.tlog\fxc.read.1.tlog
c:\users\yukku\onedrive\デスクトップ\hal\hal2年\dx22\dx22base\dx22base\dx22base\x64\debug\dx22base.tlog\fxc.write.1.tlog
c:\users\yukku\onedrive\デスクトップ\hal\hal2年\dx22\dx22base\dx22base\dx22base\x64\debug\dx22base.tlog\link.command.1.tlog
c:\users\yukku\onedrive\デスクトップ\hal\hal2年\dx22\dx22base\dx22base\dx22base\x64\debug\dx22base.tlog\link.read.1.tlog
c:\users\yukku\onedrive\デスクトップ\hal\hal2年\dx22\dx22base\dx22base\dx22base\x64\debug\dx22base.tlog\link.write.1.tlog
